[debug] [2024-07-23T06:05:13.396Z] ----------------------------------------------------------------------
[debug] [2024-07-23T06:05:13.398Z] Command:       /Users/manjunath/.nvm/versions/node/v20.10.0/bin/node /Users/manjunath/.nvm/versions/node/v20.10.0/bin/firebase init emulators
[debug] [2024-07-23T06:05:13.398Z] CLI Version:   13.13.3
[debug] [2024-07-23T06:05:13.398Z] Platform:      darwin
[debug] [2024-07-23T06:05:13.398Z] Node Version:  v20.10.0
[debug] [2024-07-23T06:05:13.398Z] Time:          Tue Jul 23 2024 11:35:13 GMT+0530 (India Standard Time)
[debug] [2024-07-23T06:05:13.398Z] ----------------------------------------------------------------------
[debug] 
[debug] [2024-07-23T06:05:13.400Z] > command requires scopes: ["email","openid","https://www.googleapis.com/auth/cloudplatformprojects.readonly","https://www.googleapis.com/auth/firebase","https://www.googleapis.com/auth/cloud-platform"]
[debug] [2024-07-23T06:05:13.400Z] > authorizing via signed-in user (support@beyondwash.in)
[info] 
     ######## #### ########  ######## ########     ###     ######  ########
     ##        ##  ##     ## ##       ##     ##  ##   ##  ##       ##
     ######    ##  ########  ######   ########  #########  ######  ######
     ##        ##  ##    ##  ##       ##     ## ##     ##       ## ##
     ##       #### ##     ## ######## ########  ##     ##  ######  ########

You're about to initialize a Firebase project in this directory:

  /Users/manjunath/Desktop/BeyondWash-main

[info] 
=== Project Setup
[info] 
[info] First, let's associate this project directory with a Firebase project.
[info] You can create multiple project aliases by running firebase use --add, 
[info] but for now we'll just set up a default project.
[info] 
[debug] [2024-07-23T06:05:16.238Z] > refreshing access token with scopes: []
[debug] [2024-07-23T06:05:16.240Z] >>> [apiv2][query] POST https://www.googleapis.com/oauth2/v3/token [none]
[debug] [2024-07-23T06:05:16.240Z] >>> [apiv2][body] POST https://www.googleapis.com/oauth2/v3/token [omitted]
[debug] [2024-07-23T06:05:16.488Z] <<< [apiv2][status] POST https://www.googleapis.com/oauth2/v3/token 400
[debug] [2024-07-23T06:05:16.488Z] <<< [apiv2][body] POST https://www.googleapis.com/oauth2/v3/token [omitted]
[debug] [2024-07-23T06:05:16.489Z] >>> [apiv2][query] GET https://firebase.googleapis.com/v1beta1/projects pageSize=100
[debug] [2024-07-23T06:05:16.941Z] <<< [apiv2][status] GET https://firebase.googleapis.com/v1beta1/projects 401
[debug] [2024-07-23T06:05:16.941Z] <<< [apiv2][body] GET https://firebase.googleapis.com/v1beta1/projects [omitted]
[debug] [2024-07-23T06:05:16.942Z] HTTP Error: 401, Request had invalid authentication credentials. Expected OAuth 2 access token, login cookie or other valid authentication credential. See https://developers.google.com/identity/sign-in/web/devconsole-project.
[debug] [2024-07-23T06:05:17.130Z] FirebaseError: HTTP Error: 401, Request had invalid authentication credentials. Expected OAuth 2 access token, login cookie or other valid authentication credential. See https://developers.google.com/identity/sign-in/web/devconsole-project.
    at responseToError (/Users/manjunath/.nvm/versions/node/v20.10.0/lib/node_modules/firebase-tools/lib/responseToError.js:49:12)
    at RetryOperation._fn (/Users/manjunath/.nvm/versions/node/v20.10.0/lib/node_modules/firebase-tools/lib/apiv2.js:305:77)
    at process.processTicksAndRejections (node:internal/process/task_queues:95:5)
[error] 
[error] Error: Failed to list Firebase projects. See firebase-debug.log for more info.
[debug] [2024-07-23T06:55:49.684Z] ----------------------------------------------------------------------
[debug] [2024-07-23T06:55:49.685Z] Command:       /Users/manjunath/.nvm/versions/node/v20.10.0/bin/node /Users/manjunath/.nvm/versions/node/v20.10.0/bin/firebase login --reauth
[debug] [2024-07-23T06:55:49.685Z] CLI Version:   13.13.3
[debug] [2024-07-23T06:55:49.685Z] Platform:      darwin
[debug] [2024-07-23T06:55:49.685Z] Node Version:  v20.10.0
[debug] [2024-07-23T06:55:49.685Z] Time:          Tue Jul 23 2024 12:25:49 GMT+0530 (India Standard Time)
[debug] [2024-07-23T06:55:49.685Z] ----------------------------------------------------------------------
[debug] 
[info] 
[info] Visit this URL on this device to log in:
[info] https://accounts.google.com/o/oauth2/auth?client_id=563584335869-fgrhgmd47bqnekij5i8b5pr03ho849e6.apps.googleusercontent.com&scope=email%20openid%20https%3A%2F%2Fwww.googleapis.com%2Fauth%2Fcloudplatformprojects.readonly%20https%3A%2F%2Fwww.googleapis.com%2Fauth%2Ffirebase%20https%3A%2F%2Fwww.googleapis.com%2Fauth%2Fcloud-platform&response_type=code&state=469977381&redirect_uri=http%3A%2F%2Flocalhost%3A9005&login_hint=support%40beyondwash.in
[info] 
[info] Waiting for authentication...
